<?xml version="1.0" encoding="UTF-8"?>

<connection-factories>

  <mbean code="org.jboss.jms.jndi.JMSProviderLoader"
	 name="jboss.mq:service=JMSProviderLoader,name=TestJMSLocalProvider">
    <attribute name="ProviderName">TestJMSLocalProvider</attribute>
    <attribute name="ProviderAdapterClass">
      org.jboss.jms.jndi.JNDIProviderAdapter
    </attribute>
    <!-- The combined connection factory -->
    <attribute name="FactoryRef">java:/ConnectionFactory</attribute>
    <!-- The queue connection factory -->
    <attribute name="QueueFactoryRef">java:/ConnectionFactory</attribute>
    <!-- The topic factory -->
    <attribute name="TopicFactoryRef">java:/ConnectionFactory</attribute>
  </mbean>

  <tx-connection-factory>
    <jndi-name>TestJmsLocal</jndi-name>
    <rar-name>jms-ra.rar</rar-name>
    <connection-definition>org.jboss.resource.adapter.jms.JmsConnectionFactory</connection-definition>
    <config-property name="SessionDefaultType" type="java.lang.String">javax.jms.Topic</config-property>
    <config-property name="JmsProviderAdapterJNDI" type="java.lang.String">java:/TestJMSLocalProvider</config-property>
    <max-pool-size>20</max-pool-size>
    <application-managed-security/>
  </tx-connection-factory>

</connection-factories>
